#-----------------------------------------------------------
# Vivado v2015.2 (64-bit)
# SW Build 1266856 on Fri Jun 26 16:35:25 MDT 2015
# IP Build 1264090 on Wed Jun 24 14:22:01 MDT 2015
# Start of session at: Tue Oct 17 13:08:40 2017
# Process ID: 10000
# Log file: F:/Verilog/Math_Project/U201514658/preject/vivado.log
# Journal file: F:/Verilog/Math_Project/U201514658/preject\vivado.jou
#-----------------------------------------------------------
start_gui
open_project F:/Verilog/Math_Project/U201514658/preject/preject.xpr
INFO: [Project 1-313] Project file moved from 'F:/Verilog/Math_Project/preject' since last save.
Scanning sources...
Finished scanning sources
INFO: [IP_Flow 19-234] Refreshing IP repositories
INFO: [IP_Flow 19-1704] No user IP repositories specified
INFO: [IP_Flow 19-2313] Loaded Vivado IP repository 'F:/Xilinx/Vivado/2015.2/data/ip'.
open_hw
connect_hw_server
INFO: [Labtools 27-2285] Connecting to hw_server url TCP:localhost:3121
INFO: [Labtools 27-2222] Launching hw_server...
INFO: [Labtools 27-2221] Launch Output:

****** Xilinx hw_server v2015.2
  **** Build date : Jun 26 2015-16:56:39
    ** Copyright 1986-1999, 2001-2015 Xilinx, Inc. All Rights Reserved.


connect_hw_server: Time (s): cpu = 00:00:01 ; elapsed = 00:00:07 . Memory (MB): peak = 762.539 ; gain = 0.000
open_hw_target [lindex [get_hw_targets -of_objects [get_hw_servers localhost]] 0]
INFO: [Labtoolstcl 44-466] Opening hw_target localhost:3121/xilinx_tcf/Digilent/210292746660A
set_property PROGRAM.FILE {F:/Verilog/Math_Project/U201514658/preject/preject.runs/impl_1/Main.bit} [lindex [get_hw_devices] 0]
current_hw_device [lindex [get_hw_devices] 0]
refresh_hw_device -update_hw_probes false [lindex [get_hw_devices] 0]
INFO: [Labtools 27-1434] Device xc7a100t (JTAG device index = 0) is programmed with a design that has no supported debug core(s) in it.
WARNING: [Labtools 27-3123] The debug hub core was not detected at User Scan Chain 1 or 3.
Resolution: 
1. Make sure the clock connected to the debug hub (dbg_hub) core is a free running clock and is active OR
2. Manually launch hw_server with -e "set xsdb-user-bscan <C_USER_SCAN_CHAIN scan_chain_number>" to detect the debug hub at User Scan Chain of 2 or 4. To determine the user scan chain setting, open the implemented design and use: get_property C_USER_SCAN_CHAIN [get_debug_cores dbg_hub].
set_property PROBES.FILE {} [lindex [get_hw_devices] 0]
set_property PROGRAM.FILE {F:/Verilog/Math_Project/U201514658/preject/preject.runs/impl_1/Main.bit} [lindex [get_hw_devices] 0]
program_hw_devices [lindex [get_hw_devices] 0]
INFO: [Labtools 27-3164] End of startup status: HIGH
refresh_hw_device [lindex [get_hw_devices] 0]
INFO: [Labtools 27-1434] Device xc7a100t (JTAG device index = 0) is programmed with a design that has no supported debug core(s) in it.
WARNING: [Labtools 27-3123] The debug hub core was not detected at User Scan Chain 1 or 3.
Resolution: 
1. Make sure the clock connected to the debug hub (dbg_hub) core is a free running clock and is active OR
2. Manually launch hw_server with -e "set xsdb-user-bscan <C_USER_SCAN_CHAIN scan_chain_number>" to detect the debug hub at User Scan Chain of 2 or 4. To determine the user scan chain setting, open the implemented design and use: get_property C_USER_SCAN_CHAIN [get_debug_cores dbg_hub].
close_hw
remove_files -fileset sim_1 F:/Verilog/Math_Project/U201514658/preject/preject.srcs/sim_1/new/pattern_tb.v
launch_simulation -mode post-synthesis -type functional
INFO: [USF-XSim-27] Simulation object is 'sim_1'
Design is defaulting to impl run constrset: constrs_1
Design is defaulting to synth run part: xc7a100tcsg324-1
INFO: [Netlist 29-17] Analyzing 46 Unisim elements for replacement
INFO: [Netlist 29-28] Unisim Transformation completed in 0 CPU seconds
INFO: [Project 1-479] Netlist was created with Vivado 2015.2
INFO: [Device 21-403] Loading part xc7a100tcsg324-1
INFO: [Project 1-570] Preparing netlist for logic optimization
Parsing XDC File [F:/Verilog/Math_Project/U201514658/preject/preject.srcs/constrs_1/Nexys4DDR_Master.xdc]
Finished Parsing XDC File [F:/Verilog/Math_Project/U201514658/preject/preject.srcs/constrs_1/Nexys4DDR_Master.xdc]
INFO: [Opt 31-138] Pushed 0 inverter(s) to 0 load pin(s).
INFO: [Project 1-111] Unisim Transformation Summary:
No Unisim elements were transformed.

open_run: Time (s): cpu = 00:00:12 ; elapsed = 00:00:09 . Memory (MB): peak = 1177.332 ; gain = 338.309
INFO: [USF-XSim-29] Writing simulation netlist file for design 'synth_1'...
INFO: [USF-XSim-90] write_verilog -mode funcsim -nolib -force -file "F:/Verilog/Math_Project/U201514658/preject/preject.sim/sim_1/synth/func/FSM_tb_func_synth.v"
INFO: [USF-XSim-34] Netlist generated:F:/Verilog/Math_Project/U201514658/preject/preject.sim/sim_1/synth/func/FSM_tb_func_synth.v
INFO: [USF-XSim-37] Inspecting design source files for 'FSM_tb' in fileset 'sim_1'...
INFO: [USF-XSim-2] XSim::Compile design
INFO: [USF-XSim-61] Executing 'COMPILE' step in 'F:/Verilog/Math_Project/U201514658/preject/preject.sim/sim_1/synth/func'
"xvlog -m64 --relax -prj FSM_tb_vlog.prj"
INFO: [VRFC 10-2263] Analyzing Verilog file "F:/Verilog/Math_Project/U201514658/preject/preject.sim/sim_1/synth/func/FSM_tb_func_synth.v" into library xil_defaultlib
INFO: [VRFC 10-311] analyzing module DetecEdge
INFO: [VRFC 10-311] analyzing module DetecEdge_0
INFO: [VRFC 10-311] analyzing module DetecEdge_1
INFO: [VRFC 10-311] analyzing module DetecEdge_3
INFO: [VRFC 10-311] analyzing module DetecEdge_4
INFO: [VRFC 10-311] analyzing module DetecEdge_5
INFO: [VRFC 10-311] analyzing module DetecEdge_6
INFO: [VRFC 10-311] analyzing module FSM_main
INFO: [VRFC 10-311] analyzing module Main
INFO: [VRFC 10-311] analyzing module counter
INFO: [VRFC 10-311] analyzing module divider
INFO: [VRFC 10-311] analyzing module divider_M
INFO: [VRFC 10-311] analyzing module divider_M_2
INFO: [VRFC 10-311] analyzing module fuzhi
INFO: [VRFC 10-311] analyzing module pattern_choose
INFO: [VRFC 10-311] analyzing module xianshi
INFO: [VRFC 10-311] analyzing module glbl
INFO: [VRFC 10-2263] Analyzing Verilog file "F:/Verilog/Math_Project/U201514658/preject/preject.srcs/sources_1/new/edge.v" into library xil_defaultlib
INFO: [VRFC 10-311] analyzing module DetecEdge
WARNING: [VRFC 10-1195] overwriting previous definition of module DetecEdge [F:/Verilog/Math_Project/U201514658/preject/preject.srcs/sources_1/new/edge.v:23]
INFO: [VRFC 10-2263] Analyzing Verilog file "F:/Verilog/Math_Project/U201514658/preject/preject.srcs/sources_1/new/divider_M.v" into library xil_defaultlib
INFO: [VRFC 10-311] analyzing module divider_M
WARNING: [VRFC 10-1195] overwriting previous definition of module divider_M [F:/Verilog/Math_Project/U201514658/preject/preject.srcs/sources_1/new/divider_M.v:23]
INFO: [VRFC 10-2263] Analyzing Verilog file "F:/Verilog/Math_Project/U201514658/preject/preject.srcs/sources_1/new/divider.v" into library xil_defaultlib
INFO: [VRFC 10-311] analyzing module divider
WARNING: [VRFC 10-1195] overwriting previous definition of module divider [F:/Verilog/Math_Project/U201514658/preject/preject.srcs/sources_1/new/divider.v:23]
INFO: [VRFC 10-2263] Analyzing Verilog file "F:/Verilog/Math_Project/U201514658/preject/preject.srcs/sources_1/new/FSM_main.v" into library xil_defaultlib
INFO: [VRFC 10-311] analyzing module FSM_main
WARNING: [VRFC 10-1195] overwriting previous definition of module FSM_main [F:/Verilog/Math_Project/U201514658/preject/preject.srcs/sources_1/new/FSM_main.v:23]
INFO: [VRFC 10-2263] Analyzing Verilog file "F:/Verilog/Math_Project/U201514658/preject/preject.srcs/sim_1/new/1/fsm_tb.v" into library xil_defaultlib
INFO: [VRFC 10-311] analyzing module FSM_tb
INFO: [VRFC 10-2263] Analyzing Verilog file "F:/Verilog/Math_Project/U201514658/preject/preject.sim/sim_1/synth/func/glbl.v" into library xil_defaultlib
INFO: [VRFC 10-311] analyzing module glbl
WARNING: [VRFC 10-1195] overwriting previous definition of module glbl [F:/Verilog/Math_Project/U201514658/preject/preject.sim/sim_1/synth/func/glbl.v:6]
INFO: [USF-XSim-3] XSim::Elaborate design
INFO: [USF-XSim-61] Executing 'ELABORATE' step in 'F:/Verilog/Math_Project/U201514658/preject/preject.sim/sim_1/synth/func'
Vivado Simulator 2015.2
Copyright 1986-1999, 2001-2015 Xilinx, Inc. All Rights Reserved.
Running: F:/Xilinx/Vivado/2015.2/bin/unwrapped/win64.o/xelab.exe -wto 81223f7456fe40ed8848012e7f805683 --debug typical --relax --mt 2 -L xil_defaultlib -L unisims_ver -L secureip --snapshot FSM_tb_func_synth xil_defaultlib.FSM_tb xil_defaultlib.glbl -log elaborate.log 
Using 2 slave threads.
Starting static elaboration
Completed static elaboration
Starting simulation data flow analysis
Completed simulation data flow analysis
Time Resolution for simulation is 1ps
Compiling module xil_defaultlib.divider
Compiling module xil_defaultlib.divider_M
Compiling module xil_defaultlib.DetecEdge
Compiling module xil_defaultlib.FSM_main
Compiling module xil_defaultlib.FSM_tb
Compiling module xil_defaultlib.glbl
Waiting for 2 sub-compilation(s) to finish...
Built simulation snapshot FSM_tb_func_synth

****** Webtalk v2015.2 (64-bit)
  **** SW Build 1266856 on Fri Jun 26 16:35:25 MDT 2015
  **** IP Build 1264090 on Wed Jun 24 14:22:01 MDT 2015
    ** Copyright 1986-2015 Xilinx, Inc. All Rights Reserved.

source F:/Verilog/Math_Project/U201514658/preject/preject.sim/sim_1/synth/func/xsim.dir/FSM_tb_func_synth/webtalk/xsim_webtalk.tcl -notrace
INFO: [Common 17-186] 'F:/Verilog/Math_Project/U201514658/preject/preject.sim/sim_1/synth/func/xsim.dir/FSM_tb_func_synth/webtalk/usage_statistics_ext_xsim.xml' has been successfully sent to Xilinx on Tue Oct 17 13:16:22 2017. For additional details about this file, please refer to the WebTalk help file at F:/Xilinx/Vivado/2015.2/doc/webtalk_introduction.html.
INFO: [Common 17-206] Exiting Webtalk at Tue Oct 17 13:16:22 2017...
run_program: Time (s): cpu = 00:00:08 ; elapsed = 00:00:08 . Memory (MB): peak = 1193.016 ; gain = 10.152
INFO: [USF-XSim-4] XSim::Simulate design
INFO: [USF-XSim-61] Executing 'SIMULATE' step in 'F:/Verilog/Math_Project/U201514658/preject/preject.sim/sim_1/synth/func'
INFO: [USF-XSim-98] *** Running xsim
   with args "FSM_tb_func_synth -key {Post-Synthesis:sim_1:Functional:FSM_tb} -tclbatch {FSM_tb.tcl} -log {simulate.log}"
INFO: [USF-XSim-8] Loading simulator feature
Vivado Simulator 2015.2
Time resolution is 1 ps
source FSM_tb.tcl
# set curr_wave [current_wave_config]
# if { [string length $curr_wave] == 0 } {
#   if { [llength [get_objects]] > 0} {
#     add_wave /
#     set_property needs_save false [current_wave_config]
#   } else {
#      send_msg_id Add_Wave-1 WARNING "No top level signals found. Simulator will start without a wave window. If you want to open a wave window go to 'File->New Waveform Configuration' or type 'create_wave_config' in the TCL console."
#   }
# }
# run 1000ns
INFO: [USF-XSim-96] XSim completed. Design snapshot 'FSM_tb_func_synth' loaded.
INFO: [USF-XSim-97] XSim simulation ran for 1000ns
launch_simulation: Time (s): cpu = 00:00:29 ; elapsed = 00:00:22 . Memory (MB): peak = 1266.824 ; gain = 427.801
close_sim
INFO: [Simtcl 6-16] Simulation closed
close_sim: Time (s): cpu = 00:00:00 ; elapsed = 00:00:07 . Memory (MB): peak = 1602.164 ; gain = 0.000
launch_simulation -mode post-synthesis -type functional
INFO: [USF-XSim-27] Simulation object is 'sim_1'
INFO: [USF-XSim-29] Writing simulation netlist file for design 'synth_1'...
INFO: [USF-XSim-90] write_verilog -mode funcsim -nolib -force -file "F:/Verilog/Math_Project/U201514658/preject/preject.sim/sim_1/synth/func/FSM_tb_func_synth.v"
INFO: [USF-XSim-34] Netlist generated:F:/Verilog/Math_Project/U201514658/preject/preject.sim/sim_1/synth/func/FSM_tb_func_synth.v
INFO: [USF-XSim-37] Inspecting design source files for 'FSM_tb' in fileset 'sim_1'...
INFO: [USF-XSim-2] XSim::Compile design
INFO: [USF-XSim-61] Executing 'COMPILE' step in 'F:/Verilog/Math_Project/U201514658/preject/preject.sim/sim_1/synth/func'
"xvlog -m64 --relax -prj FSM_tb_vlog.prj"
INFO: [VRFC 10-2263] Analyzing Verilog file "F:/Verilog/Math_Project/U201514658/preject/preject.sim/sim_1/synth/func/FSM_tb_func_synth.v" into library xil_defaultlib
INFO: [VRFC 10-311] analyzing module DetecEdge
INFO: [VRFC 10-311] analyzing module DetecEdge_0
INFO: [VRFC 10-311] analyzing module DetecEdge_1
INFO: [VRFC 10-311] analyzing module DetecEdge_3
INFO: [VRFC 10-311] analyzing module DetecEdge_4
INFO: [VRFC 10-311] analyzing module DetecEdge_5
INFO: [VRFC 10-311] analyzing module DetecEdge_6
INFO: [VRFC 10-311] analyzing module FSM_main
INFO: [VRFC 10-311] analyzing module Main
INFO: [VRFC 10-311] analyzing module counter
INFO: [VRFC 10-311] analyzing module divider
INFO: [VRFC 10-311] analyzing module divider_M
INFO: [VRFC 10-311] analyzing module divider_M_2
INFO: [VRFC 10-311] analyzing module fuzhi
INFO: [VRFC 10-311] analyzing module pattern_choose
INFO: [VRFC 10-311] analyzing module xianshi
INFO: [VRFC 10-311] analyzing module glbl
INFO: [VRFC 10-2263] Analyzing Verilog file "F:/Verilog/Math_Project/U201514658/preject/preject.srcs/sources_1/new/edge.v" into library xil_defaultlib
INFO: [VRFC 10-311] analyzing module DetecEdge
WARNING: [VRFC 10-1195] overwriting previous definition of module DetecEdge [F:/Verilog/Math_Project/U201514658/preject/preject.srcs/sources_1/new/edge.v:23]
INFO: [VRFC 10-2263] Analyzing Verilog file "F:/Verilog/Math_Project/U201514658/preject/preject.srcs/sources_1/new/divider_M.v" into library xil_defaultlib
INFO: [VRFC 10-311] analyzing module divider_M
WARNING: [VRFC 10-1195] overwriting previous definition of module divider_M [F:/Verilog/Math_Project/U201514658/preject/preject.srcs/sources_1/new/divider_M.v:23]
INFO: [VRFC 10-2263] Analyzing Verilog file "F:/Verilog/Math_Project/U201514658/preject/preject.srcs/sources_1/new/divider.v" into library xil_defaultlib
INFO: [VRFC 10-311] analyzing module divider
WARNING: [VRFC 10-1195] overwriting previous definition of module divider [F:/Verilog/Math_Project/U201514658/preject/preject.srcs/sources_1/new/divider.v:23]
INFO: [VRFC 10-2263] Analyzing Verilog file "F:/Verilog/Math_Project/U201514658/preject/preject.srcs/sources_1/new/FSM_main.v" into library xil_defaultlib
INFO: [VRFC 10-311] analyzing module FSM_main
WARNING: [VRFC 10-1195] overwriting previous definition of module FSM_main [F:/Verilog/Math_Project/U201514658/preject/preject.srcs/sources_1/new/FSM_main.v:23]
INFO: [VRFC 10-2263] Analyzing Verilog file "F:/Verilog/Math_Project/U201514658/preject/preject.srcs/sim_1/new/1/fsm_tb.v" into library xil_defaultlib
INFO: [VRFC 10-311] analyzing module FSM_tb
INFO: [VRFC 10-2263] Analyzing Verilog file "F:/Verilog/Math_Project/U201514658/preject/preject.sim/sim_1/synth/func/glbl.v" into library xil_defaultlib
INFO: [VRFC 10-311] analyzing module glbl
WARNING: [VRFC 10-1195] overwriting previous definition of module glbl [F:/Verilog/Math_Project/U201514658/preject/preject.sim/sim_1/synth/func/glbl.v:6]
INFO: [USF-XSim-3] XSim::Elaborate design
INFO: [USF-XSim-61] Executing 'ELABORATE' step in 'F:/Verilog/Math_Project/U201514658/preject/preject.sim/sim_1/synth/func'
Vivado Simulator 2015.2
Copyright 1986-1999, 2001-2015 Xilinx, Inc. All Rights Reserved.
Running: F:/Xilinx/Vivado/2015.2/bin/unwrapped/win64.o/xelab.exe -wto 81223f7456fe40ed8848012e7f805683 --debug typical --relax --mt 2 -L xil_defaultlib -L unisims_ver -L secureip --snapshot FSM_tb_func_synth xil_defaultlib.FSM_tb xil_defaultlib.glbl -log elaborate.log 
Using 2 slave threads.
Starting static elaboration
WARNING: [VRFC 10-278] actual bit length 1 differs from formal bit length 3 for port L_alarm [F:/Verilog/Math_Project/U201514658/preject/preject.srcs/sim_1/new/1/fsm_tb.v:33]
Completed static elaboration
Starting simulation data flow analysis
Completed simulation data flow analysis
Time Resolution for simulation is 1ps
Compiling module xil_defaultlib.divider
Compiling module xil_defaultlib.divider_M
Compiling module xil_defaultlib.DetecEdge
Compiling module xil_defaultlib.FSM_main
Compiling module xil_defaultlib.FSM_tb
Compiling module xil_defaultlib.glbl
Waiting for 2 sub-compilation(s) to finish...
Built simulation snapshot FSM_tb_func_synth

****** Webtalk v2015.2 (64-bit)
  **** SW Build 1266856 on Fri Jun 26 16:35:25 MDT 2015
  **** IP Build 1264090 on Wed Jun 24 14:22:01 MDT 2015
    ** Copyright 1986-2015 Xilinx, Inc. All Rights Reserved.

source F:/Verilog/Math_Project/U201514658/preject/preject.sim/sim_1/synth/func/xsim.dir/FSM_tb_func_synth/webtalk/xsim_webtalk.tcl -notrace
INFO: [Common 17-186] 'F:/Verilog/Math_Project/U201514658/preject/preject.sim/sim_1/synth/func/xsim.dir/FSM_tb_func_synth/webtalk/usage_statistics_ext_xsim.xml' has been successfully sent to Xilinx on Tue Oct 17 13:18:31 2017. For additional details about this file, please refer to the WebTalk help file at F:/Xilinx/Vivado/2015.2/doc/webtalk_introduction.html.
INFO: [Common 17-206] Exiting Webtalk at Tue Oct 17 13:18:31 2017...
run_program: Time (s): cpu = 00:00:01 ; elapsed = 00:00:07 . Memory (MB): peak = 1602.164 ; gain = 0.000
INFO: [USF-XSim-4] XSim::Simulate design
INFO: [USF-XSim-61] Executing 'SIMULATE' step in 'F:/Verilog/Math_Project/U201514658/preject/preject.sim/sim_1/synth/func'
INFO: [USF-XSim-98] *** Running xsim
   with args "FSM_tb_func_synth -key {Post-Synthesis:sim_1:Functional:FSM_tb} -tclbatch {FSM_tb.tcl} -log {simulate.log}"
INFO: [USF-XSim-8] Loading simulator feature
Vivado Simulator 2015.2
Time resolution is 1 ps
source FSM_tb.tcl
# set curr_wave [current_wave_config]
# if { [string length $curr_wave] == 0 } {
#   if { [llength [get_objects]] > 0} {
#     add_wave /
#     set_property needs_save false [current_wave_config]
#   } else {
#      send_msg_id Add_Wave-1 WARNING "No top level signals found. Simulator will start without a wave window. If you want to open a wave window go to 'File->New Waveform Configuration' or type 'create_wave_config' in the TCL console."
#   }
# }
# run 1000ns
INFO: [USF-XSim-96] XSim completed. Design snapshot 'FSM_tb_func_synth' loaded.
INFO: [USF-XSim-97] XSim simulation ran for 1000ns
launch_simulation: Time (s): cpu = 00:00:02 ; elapsed = 00:00:10 . Memory (MB): peak = 1602.164 ; gain = 0.000
close_sim
INFO: [Simtcl 6-16] Simulation closed
close_sim: Time (s): cpu = 00:00:01 ; elapsed = 00:00:06 . Memory (MB): peak = 1602.164 ; gain = 0.000
launch_simulation -mode post-synthesis -type functional
INFO: [USF-XSim-27] Simulation object is 'sim_1'
INFO: [USF-XSim-29] Writing simulation netlist file for design 'synth_1'...
INFO: [USF-XSim-90] write_verilog -mode funcsim -nolib -force -file "F:/Verilog/Math_Project/U201514658/preject/preject.sim/sim_1/synth/func/FSM_tb_func_synth.v"
INFO: [USF-XSim-34] Netlist generated:F:/Verilog/Math_Project/U201514658/preject/preject.sim/sim_1/synth/func/FSM_tb_func_synth.v
INFO: [USF-XSim-37] Inspecting design source files for 'FSM_tb' in fileset 'sim_1'...
INFO: [USF-XSim-2] XSim::Compile design
INFO: [USF-XSim-61] Executing 'COMPILE' step in 'F:/Verilog/Math_Project/U201514658/preject/preject.sim/sim_1/synth/func'
"xvlog -m64 --relax -prj FSM_tb_vlog.prj"
INFO: [VRFC 10-2263] Analyzing Verilog file "F:/Verilog/Math_Project/U201514658/preject/preject.sim/sim_1/synth/func/FSM_tb_func_synth.v" into library xil_defaultlib
INFO: [VRFC 10-311] analyzing module DetecEdge
INFO: [VRFC 10-311] analyzing module DetecEdge_0
INFO: [VRFC 10-311] analyzing module DetecEdge_1
INFO: [VRFC 10-311] analyzing module DetecEdge_3
INFO: [VRFC 10-311] analyzing module DetecEdge_4
INFO: [VRFC 10-311] analyzing module DetecEdge_5
INFO: [VRFC 10-311] analyzing module DetecEdge_6
INFO: [VRFC 10-311] analyzing module FSM_main
INFO: [VRFC 10-311] analyzing module Main
INFO: [VRFC 10-311] analyzing module counter
INFO: [VRFC 10-311] analyzing module divider
INFO: [VRFC 10-311] analyzing module divider_M
INFO: [VRFC 10-311] analyzing module divider_M_2
INFO: [VRFC 10-311] analyzing module fuzhi
INFO: [VRFC 10-311] analyzing module pattern_choose
INFO: [VRFC 10-311] analyzing module xianshi
INFO: [VRFC 10-311] analyzing module glbl
INFO: [VRFC 10-2263] Analyzing Verilog file "F:/Verilog/Math_Project/U201514658/preject/preject.srcs/sources_1/new/edge.v" into library xil_defaultlib
INFO: [VRFC 10-311] analyzing module DetecEdge
WARNING: [VRFC 10-1195] overwriting previous definition of module DetecEdge [F:/Verilog/Math_Project/U201514658/preject/preject.srcs/sources_1/new/edge.v:23]
INFO: [VRFC 10-2263] Analyzing Verilog file "F:/Verilog/Math_Project/U201514658/preject/preject.srcs/sources_1/new/divider_M.v" into library xil_defaultlib
INFO: [VRFC 10-311] analyzing module divider_M
WARNING: [VRFC 10-1195] overwriting previous definition of module divider_M [F:/Verilog/Math_Project/U201514658/preject/preject.srcs/sources_1/new/divider_M.v:23]
INFO: [VRFC 10-2263] Analyzing Verilog file "F:/Verilog/Math_Project/U201514658/preject/preject.srcs/sources_1/new/divider.v" into library xil_defaultlib
INFO: [VRFC 10-311] analyzing module divider
WARNING: [VRFC 10-1195] overwriting previous definition of module divider [F:/Verilog/Math_Project/U201514658/preject/preject.srcs/sources_1/new/divider.v:23]
INFO: [VRFC 10-2263] Analyzing Verilog file "F:/Verilog/Math_Project/U201514658/preject/preject.srcs/sources_1/new/FSM_main.v" into library xil_defaultlib
INFO: [VRFC 10-311] analyzing module FSM_main
WARNING: [VRFC 10-1195] overwriting previous definition of module FSM_main [F:/Verilog/Math_Project/U201514658/preject/preject.srcs/sources_1/new/FSM_main.v:23]
INFO: [VRFC 10-2263] Analyzing Verilog file "F:/Verilog/Math_Project/U201514658/preject/preject.srcs/sim_1/new/1/fsm_tb.v" into library xil_defaultlib
INFO: [VRFC 10-311] analyzing module FSM_tb
INFO: [VRFC 10-2263] Analyzing Verilog file "F:/Verilog/Math_Project/U201514658/preject/preject.sim/sim_1/synth/func/glbl.v" into library xil_defaultlib
INFO: [VRFC 10-311] analyzing module glbl
WARNING: [VRFC 10-1195] overwriting previous definition of module glbl [F:/Verilog/Math_Project/U201514658/preject/preject.sim/sim_1/synth/func/glbl.v:6]
INFO: [USF-XSim-3] XSim::Elaborate design
INFO: [USF-XSim-61] Executing 'ELABORATE' step in 'F:/Verilog/Math_Project/U201514658/preject/preject.sim/sim_1/synth/func'
Vivado Simulator 2015.2
Copyright 1986-1999, 2001-2015 Xilinx, Inc. All Rights Reserved.
Running: F:/Xilinx/Vivado/2015.2/bin/unwrapped/win64.o/xelab.exe -wto 81223f7456fe40ed8848012e7f805683 --debug typical --relax --mt 2 -L xil_defaultlib -L unisims_ver -L secureip --snapshot FSM_tb_func_synth xil_defaultlib.FSM_tb xil_defaultlib.glbl -log elaborate.log 
Using 2 slave threads.
Starting static elaboration
Completed static elaboration
Starting simulation data flow analysis
Completed simulation data flow analysis
Time Resolution for simulation is 1ps
Compiling module xil_defaultlib.divider
Compiling module xil_defaultlib.divider_M
Compiling module xil_defaultlib.DetecEdge
Compiling module xil_defaultlib.FSM_main
Compiling module xil_defaultlib.FSM_tb
Compiling module xil_defaultlib.glbl
Waiting for 2 sub-compilation(s) to finish...
Built simulation snapshot FSM_tb_func_synth

****** Webtalk v2015.2 (64-bit)
  **** SW Build 1266856 on Fri Jun 26 16:35:25 MDT 2015
  **** IP Build 1264090 on Wed Jun 24 14:22:01 MDT 2015
    ** Copyright 1986-2015 Xilinx, Inc. All Rights Reserved.

source F:/Verilog/Math_Project/U201514658/preject/preject.sim/sim_1/synth/func/xsim.dir/FSM_tb_func_synth/webtalk/xsim_webtalk.tcl -notrace
INFO: [Common 17-186] 'F:/Verilog/Math_Project/U201514658/preject/preject.sim/sim_1/synth/func/xsim.dir/FSM_tb_func_synth/webtalk/usage_statistics_ext_xsim.xml' has been successfully sent to Xilinx on Tue Oct 17 13:20:54 2017. For additional details about this file, please refer to the WebTalk help file at F:/Xilinx/Vivado/2015.2/doc/webtalk_introduction.html.
INFO: [Common 17-206] Exiting Webtalk at Tue Oct 17 13:20:54 2017...
run_program: Time (s): cpu = 00:00:00 ; elapsed = 00:00:06 . Memory (MB): peak = 1602.164 ; gain = 0.000
INFO: [USF-XSim-4] XSim::Simulate design
INFO: [USF-XSim-61] Executing 'SIMULATE' step in 'F:/Verilog/Math_Project/U201514658/preject/preject.sim/sim_1/synth/func'
INFO: [USF-XSim-98] *** Running xsim
   with args "FSM_tb_func_synth -key {Post-Synthesis:sim_1:Functional:FSM_tb} -tclbatch {FSM_tb.tcl} -log {simulate.log}"
INFO: [USF-XSim-8] Loading simulator feature
Vivado Simulator 2015.2
Time resolution is 1 ps
source FSM_tb.tcl
# set curr_wave [current_wave_config]
# if { [string length $curr_wave] == 0 } {
#   if { [llength [get_objects]] > 0} {
#     add_wave /
#     set_property needs_save false [current_wave_config]
#   } else {
#      send_msg_id Add_Wave-1 WARNING "No top level signals found. Simulator will start without a wave window. If you want to open a wave window go to 'File->New Waveform Configuration' or type 'create_wave_config' in the TCL console."
#   }
# }
# run 1000ns
INFO: [USF-XSim-96] XSim completed. Design snapshot 'FSM_tb_func_synth' loaded.
INFO: [USF-XSim-97] XSim simulation ran for 1000ns
launch_simulation: Time (s): cpu = 00:00:01 ; elapsed = 00:00:09 . Memory (MB): peak = 1602.164 ; gain = 0.000
reset_run synth_1
launch_runs impl_1
WARNING: [Project 1-478] Design 'synth_1' is stale and will not be used when launching 'impl_1'
[Tue Oct 17 13:22:40 2017] Launched synth_1...
Run output will be captured here: F:/Verilog/Math_Project/U201514658/preject/preject.runs/synth_1/runme.log
[Tue Oct 17 13:22:40 2017] Launched impl_1...
Run output will be captured here: F:/Verilog/Math_Project/U201514658/preject/preject.runs/impl_1/runme.log
close_sim
INFO: [Simtcl 6-16] Simulation closed
close_sim: Time (s): cpu = 00:00:00 ; elapsed = 00:00:05 . Memory (MB): peak = 1607.031 ; gain = 0.000
launch_simulation -mode post-synthesis -type functional
INFO: [USF-XSim-27] Simulation object is 'sim_1'
INFO: [USF-XSim-29] Writing simulation netlist file for design 'synth_1'...
INFO: [USF-XSim-90] write_verilog -mode funcsim -nolib -force -file "F:/Verilog/Math_Project/U201514658/preject/preject.sim/sim_1/synth/func/FSM_tb_func_synth.v"
INFO: [USF-XSim-34] Netlist generated:F:/Verilog/Math_Project/U201514658/preject/preject.sim/sim_1/synth/func/FSM_tb_func_synth.v
INFO: [USF-XSim-37] Inspecting design source files for 'FSM_tb' in fileset 'sim_1'...
INFO: [USF-XSim-2] XSim::Compile design
INFO: [USF-XSim-61] Executing 'COMPILE' step in 'F:/Verilog/Math_Project/U201514658/preject/preject.sim/sim_1/synth/func'
"xvlog -m64 --relax -prj FSM_tb_vlog.prj"
INFO: [VRFC 10-2263] Analyzing Verilog file "F:/Verilog/Math_Project/U201514658/preject/preject.sim/sim_1/synth/func/FSM_tb_func_synth.v" into library xil_defaultlib
INFO: [VRFC 10-311] analyzing module DetecEdge
INFO: [VRFC 10-311] analyzing module DetecEdge_0
INFO: [VRFC 10-311] analyzing module DetecEdge_1
INFO: [VRFC 10-311] analyzing module DetecEdge_3
INFO: [VRFC 10-311] analyzing module DetecEdge_4
INFO: [VRFC 10-311] analyzing module DetecEdge_5
INFO: [VRFC 10-311] analyzing module DetecEdge_6
INFO: [VRFC 10-311] analyzing module FSM_main
INFO: [VRFC 10-311] analyzing module Main
INFO: [VRFC 10-311] analyzing module counter
INFO: [VRFC 10-311] analyzing module divider
INFO: [VRFC 10-311] analyzing module divider_M
INFO: [VRFC 10-311] analyzing module divider_M_2
INFO: [VRFC 10-311] analyzing module fuzhi
INFO: [VRFC 10-311] analyzing module pattern_choose
INFO: [VRFC 10-311] analyzing module xianshi
INFO: [VRFC 10-311] analyzing module glbl
INFO: [VRFC 10-2263] Analyzing Verilog file "F:/Verilog/Math_Project/U201514658/preject/preject.srcs/sources_1/new/edge.v" into library xil_defaultlib
INFO: [VRFC 10-311] analyzing module DetecEdge
WARNING: [VRFC 10-1195] overwriting previous definition of module DetecEdge [F:/Verilog/Math_Project/U201514658/preject/preject.srcs/sources_1/new/edge.v:23]
INFO: [VRFC 10-2263] Analyzing Verilog file "F:/Verilog/Math_Project/U201514658/preject/preject.srcs/sources_1/new/divider_M.v" into library xil_defaultlib
INFO: [VRFC 10-311] analyzing module divider_M
WARNING: [VRFC 10-1195] overwriting previous definition of module divider_M [F:/Verilog/Math_Project/U201514658/preject/preject.srcs/sources_1/new/divider_M.v:23]
INFO: [VRFC 10-2263] Analyzing Verilog file "F:/Verilog/Math_Project/U201514658/preject/preject.srcs/sources_1/new/divider.v" into library xil_defaultlib
INFO: [VRFC 10-311] analyzing module divider
WARNING: [VRFC 10-1195] overwriting previous definition of module divider [F:/Verilog/Math_Project/U201514658/preject/preject.srcs/sources_1/new/divider.v:23]
INFO: [VRFC 10-2263] Analyzing Verilog file "F:/Verilog/Math_Project/U201514658/preject/preject.srcs/sources_1/new/FSM_main.v" into library xil_defaultlib
INFO: [VRFC 10-311] analyzing module FSM_main
WARNING: [VRFC 10-1195] overwriting previous definition of module FSM_main [F:/Verilog/Math_Project/U201514658/preject/preject.srcs/sources_1/new/FSM_main.v:23]
INFO: [VRFC 10-2263] Analyzing Verilog file "F:/Verilog/Math_Project/U201514658/preject/preject.srcs/sim_1/new/1/fsm_tb.v" into library xil_defaultlib
INFO: [VRFC 10-311] analyzing module FSM_tb
INFO: [VRFC 10-2263] Analyzing Verilog file "F:/Verilog/Math_Project/U201514658/preject/preject.sim/sim_1/synth/func/glbl.v" into library xil_defaultlib
INFO: [VRFC 10-311] analyzing module glbl
WARNING: [VRFC 10-1195] overwriting previous definition of module glbl [F:/Verilog/Math_Project/U201514658/preject/preject.sim/sim_1/synth/func/glbl.v:6]
INFO: [USF-XSim-3] XSim::Elaborate design
INFO: [USF-XSim-61] Executing 'ELABORATE' step in 'F:/Verilog/Math_Project/U201514658/preject/preject.sim/sim_1/synth/func'
Vivado Simulator 2015.2
Copyright 1986-1999, 2001-2015 Xilinx, Inc. All Rights Reserved.
Running: F:/Xilinx/Vivado/2015.2/bin/unwrapped/win64.o/xelab.exe -wto 81223f7456fe40ed8848012e7f805683 --debug typical --relax --mt 2 -L xil_defaultlib -L unisims_ver -L secureip --snapshot FSM_tb_func_synth xil_defaultlib.FSM_tb xil_defaultlib.glbl -log elaborate.log 
Using 2 slave threads.
Starting static elaboration
WARNING: [VRFC 10-278] actual bit length 1 differs from formal bit length 3 for port L_alarm [F:/Verilog/Math_Project/U201514658/preject/preject.srcs/sim_1/new/1/fsm_tb.v:33]
Completed static elaboration
Starting simulation data flow analysis
Completed simulation data flow analysis
Time Resolution for simulation is 1ps
Compiling module xil_defaultlib.divider
Compiling module xil_defaultlib.divider_M
Compiling module xil_defaultlib.DetecEdge
Compiling module xil_defaultlib.FSM_main
Compiling module xil_defaultlib.FSM_tb
Compiling module xil_defaultlib.glbl
Waiting for 2 sub-compilation(s) to finish...
Built simulation snapshot FSM_tb_func_synth

****** Webtalk v2015.2 (64-bit)
  **** SW Build 1266856 on Fri Jun 26 16:35:25 MDT 2015
  **** IP Build 1264090 on Wed Jun 24 14:22:01 MDT 2015
    ** Copyright 1986-2015 Xilinx, Inc. All Rights Reserved.

source F:/Verilog/Math_Project/U201514658/preject/preject.sim/sim_1/synth/func/xsim.dir/FSM_tb_func_synth/webtalk/xsim_webtalk.tcl -notrace
INFO: [Common 17-186] 'F:/Verilog/Math_Project/U201514658/preject/preject.sim/sim_1/synth/func/xsim.dir/FSM_tb_func_synth/webtalk/usage_statistics_ext_xsim.xml' has been successfully sent to Xilinx on Tue Oct 17 13:24:35 2017. For additional details about this file, please refer to the WebTalk help file at F:/Xilinx/Vivado/2015.2/doc/webtalk_introduction.html.
INFO: [Common 17-206] Exiting Webtalk at Tue Oct 17 13:24:35 2017...
run_program: Time (s): cpu = 00:00:00 ; elapsed = 00:00:06 . Memory (MB): peak = 1607.031 ; gain = 0.000
INFO: [USF-XSim-4] XSim::Simulate design
INFO: [USF-XSim-61] Executing 'SIMULATE' step in 'F:/Verilog/Math_Project/U201514658/preject/preject.sim/sim_1/synth/func'
INFO: [USF-XSim-98] *** Running xsim
   with args "FSM_tb_func_synth -key {Post-Synthesis:sim_1:Functional:FSM_tb} -tclbatch {FSM_tb.tcl} -log {simulate.log}"
INFO: [USF-XSim-8] Loading simulator feature
Vivado Simulator 2015.2
Time resolution is 1 ps
source FSM_tb.tcl
# set curr_wave [current_wave_config]
# if { [string length $curr_wave] == 0 } {
#   if { [llength [get_objects]] > 0} {
#     add_wave /
#     set_property needs_save false [current_wave_config]
#   } else {
#      send_msg_id Add_Wave-1 WARNING "No top level signals found. Simulator will start without a wave window. If you want to open a wave window go to 'File->New Waveform Configuration' or type 'create_wave_config' in the TCL console."
#   }
# }
# run 1000ns
INFO: [USF-XSim-96] XSim completed. Design snapshot 'FSM_tb_func_synth' loaded.
INFO: [USF-XSim-97] XSim simulation ran for 1000ns
launch_simulation: Time (s): cpu = 00:00:01 ; elapsed = 00:00:09 . Memory (MB): peak = 1607.031 ; gain = 0.000
close_sim
INFO: [Simtcl 6-16] Simulation closed
close_sim: Time (s): cpu = 00:00:02 ; elapsed = 00:00:06 . Memory (MB): peak = 1607.031 ; gain = 0.000
exit
INFO: [Common 17-206] Exiting Vivado at Tue Oct 17 13:25:24 2017...
