#-----------------------------------------------------------
# Vivado v2015.2 (64-bit)
# SW Build 1266856 on Fri Jun 26 16:35:25 MDT 2015
# IP Build 1264090 on Wed Jun 24 14:22:01 MDT 2015
# Start of session at: Mon Mar 12 10:06:06 2018
# Process ID: 13704
# Log file: F:/Verilog/Math_Project/U201514658/preject/vivado.log
# Journal file: F:/Verilog/Math_Project/U201514658/preject\vivado.jou
#-----------------------------------------------------------
start_gui
open_project F:/Verilog/Math_Project/U201514658/preject/preject.xpr
Scanning sources...
Finished scanning sources
INFO: [IP_Flow 19-234] Refreshing IP repositories
INFO: [IP_Flow 19-1704] No user IP repositories specified
INFO: [IP_Flow 19-2313] Loaded Vivado IP repository 'F:/Xilinx/Vivado/2015.2/data/ip'.
exit
INFO: [Common 17-206] Exiting Vivado at Mon Mar 12 10:06:31 2018...
 peak = 722.102 ; gain = 149.258
exit
INFO: [Common 17-206] Exiting Vivado at Mon Mar 12 10:06:37 2018...
