INFO: [VRFC 10-2263] Analyzing Verilog file "F:/Verilog/Math_Project/U201514658/preject/preject.sim/sim_1/synth/func/FSM_tb_func_synth.v" into library xil_defaultlib
INFO: [VRFC 10-311] analyzing module DetecEdge
INFO: [VRFC 10-311] analyzing module DetecEdge_0
INFO: [VRFC 10-311] analyzing module DetecEdge_1
INFO: [VRFC 10-311] analyzing module DetecEdge_3
INFO: [VRFC 10-311] analyzing module DetecEdge_4
INFO: [VRFC 10-311] analyzing module DetecEdge_5
INFO: [VRFC 10-311] analyzing module DetecEdge_6
INFO: [VRFC 10-311] analyzing module FSM_main
INFO: [VRFC 10-311] analyzing module Main
INFO: [VRFC 10-311] analyzing module counter
INFO: [VRFC 10-311] analyzing module divider
INFO: [VRFC 10-311] analyzing module divider_M
INFO: [VRFC 10-311] analyzing module divider_M_2
INFO: [VRFC 10-311] analyzing module fuzhi
INFO: [VRFC 10-311] analyzing module pattern_choose
INFO: [VRFC 10-311] analyzing module xianshi
INFO: [VRFC 10-311] analyzing module glbl
INFO: [VRFC 10-2263] Analyzing Verilog file "F:/Verilog/Math_Project/U201514658/preject/preject.srcs/sources_1/new/edge.v" into library xil_defaultlib
INFO: [VRFC 10-311] analyzing module DetecEdge
WARNING: [VRFC 10-1195] overwriting previous definition of module DetecEdge [F:/Verilog/Math_Project/U201514658/preject/preject.srcs/sources_1/new/edge.v:23]
INFO: [VRFC 10-2263] Analyzing Verilog file "F:/Verilog/Math_Project/U201514658/preject/preject.srcs/sources_1/new/divider_M.v" into library xil_defaultlib
INFO: [VRFC 10-311] analyzing module divider_M
WARNING: [VRFC 10-1195] overwriting previous definition of module divider_M [F:/Verilog/Math_Project/U201514658/preject/preject.srcs/sources_1/new/divider_M.v:23]
INFO: [VRFC 10-2263] Analyzing Verilog file "F:/Verilog/Math_Project/U201514658/preject/preject.srcs/sources_1/new/divider.v" into library xil_defaultlib
INFO: [VRFC 10-311] analyzing module divider
WARNING: [VRFC 10-1195] overwriting previous definition of module divider [F:/Verilog/Math_Project/U201514658/preject/preject.srcs/sources_1/new/divider.v:23]
INFO: [VRFC 10-2263] Analyzing Verilog file "F:/Verilog/Math_Project/U201514658/preject/preject.srcs/sources_1/new/FSM_main.v" into library xil_defaultlib
INFO: [VRFC 10-311] analyzing module FSM_main
WARNING: [VRFC 10-1195] overwriting previous definition of module FSM_main [F:/Verilog/Math_Project/U201514658/preject/preject.srcs/sources_1/new/FSM_main.v:23]
INFO: [VRFC 10-2263] Analyzing Verilog file "F:/Verilog/Math_Project/U201514658/preject/preject.srcs/sim_1/new/1/fsm_tb.v" into library xil_defaultlib
INFO: [VRFC 10-311] analyzing module FSM_tb
INFO: [VRFC 10-2263] Analyzing Verilog file "F:/Verilog/Math_Project/U201514658/preject/preject.sim/sim_1/synth/func/glbl.v" into library xil_defaultlib
INFO: [VRFC 10-311] analyzing module glbl
WARNING: [VRFC 10-1195] overwriting previous definition of module glbl [F:/Verilog/Math_Project/U201514658/preject/preject.sim/sim_1/synth/func/glbl.v:6]
